2018-09-17 14:11:23,130 - BrowserEngine - INFO - You had select Chrome browser.
2018-09-17 14:11:23,130 - BrowserEngine - INFO - The test server url is: https://www.baidu.com
2018-09-17 14:11:33,864 - BrowserEngine - INFO - Starting Chrome browser.
2018-09-17 14:11:48,816 - BrowserEngine - INFO - Open url: https://www.baidu.com
2018-09-17 14:11:49,980 - BrowserEngine - INFO - Maximize the current window.
2018-09-17 14:11:49,982 - BrowserEngine - INFO - Set implicitly wait 10 seconds.
2018-09-17 14:11:50,033 - BasePage - INFO - Had find the element '  ' successful by id via value: kw 
2018-09-17 14:11:50,252 - BasePage - INFO - Had type ' selenium ' in inputBox
2018-09-17 14:11:50,915 - BasePage - INFO - Had find the element '  ' successful by xpath via value: //*[@id='su'] 
2018-09-17 14:11:51,190 - BasePage - INFO - The element '  ' was clicked.
2018-09-17 14:11:54,055 - BasePage - INFO - Had take screenshot and save to folder : /screenshots
2018-09-17 14:11:54,063 - BasePage - INFO - Current page title is 百度一下，你就知道
2018-09-17 14:11:54,095 - BasePage - INFO - Had find the element '  ' successful by id via value: kw 
2018-09-17 14:11:54,226 - BasePage - INFO - Had type ' python ' in inputBox
2018-09-17 14:11:54,253 - BasePage - INFO - Had find the element '  ' successful by xpath via value: //*[@id='su'] 
2018-09-17 14:11:54,351 - BasePage - INFO - The element '  ' was clicked.
2018-09-17 14:11:56,686 - BasePage - INFO - Had take screenshot and save to folder : /screenshots
2018-09-17 14:11:59,821 - BrowserEngine - INFO - You had select Chrome browser.
2018-09-17 14:11:59,822 - BrowserEngine - INFO - The test server url is: https://www.baidu.com
2018-09-17 14:12:10,167 - BrowserEngine - INFO - Starting Chrome browser.
2018-09-17 14:17:10,244 - BrowserEngine - INFO - You had select Chrome browser.
2018-09-17 14:17:10,244 - BrowserEngine - INFO - The test server url is: https://www.baidu.com
2018-09-17 14:17:38,476 - BrowserEngine - INFO - Starting Chrome browser.
2018-09-17 14:18:56,296 - BrowserEngine - INFO - Open url: https://www.baidu.com
2018-09-17 14:18:57,628 - BrowserEngine - INFO - Maximize the current window.
2018-09-17 14:18:57,628 - BrowserEngine - INFO - Set implicitly wait 10 seconds.
2018-09-17 14:18:57,634 - BasePage - INFO - Current page title is 百度一下，你就知道
2018-09-17 14:19:03,717 - BrowserEngine - INFO - You had select Chrome browser.
2018-09-17 14:19:03,717 - BrowserEngine - INFO - The test server url is: https://www.baidu.com
2018-09-17 14:19:11,858 - BrowserEngine - INFO - Starting Chrome browser.
2018-09-17 14:20:27,901 - BrowserEngine - INFO - Open url: https://www.baidu.com
2018-09-17 14:20:29,229 - BrowserEngine - INFO - Maximize the current window.
2018-09-17 14:20:29,230 - BrowserEngine - INFO - Set implicitly wait 10 seconds.
2018-09-17 14:20:29,280 - BasePage - INFO - Had find the element ' 新闻 ' successful by xpath via value: //*[@id='u1']/a[@name='tj_trnews'] 
