2018-09-15 17:50:36,115 - BrowserEngine - INFO - You had select Chrome browser.
2018-09-15 17:50:36,115 - BrowserEngine - INFO - The test server url is: https://www.baidu.com
2018-09-15 17:50:42,786 - BrowserEngine - INFO - Starting Chrome browser.
2018-09-15 17:50:50,990 - BrowserEngine - INFO - Open url: https://www.baidu.com
2018-09-15 17:50:52,154 - BrowserEngine - INFO - Maximize the current window.
2018-09-15 17:50:52,155 - BrowserEngine - INFO - Set implicitly wait 10 seconds.
2018-09-15 17:50:52,207 - BasePage - INFO - Had find the element '  ' successful by id via value: kw 
2018-09-15 17:50:52,434 - BasePage - INFO - Had type ' selenium ' in inputBox
2018-09-15 17:50:52,512 - BasePage - INFO - Had find the element '  ' successful by xpath via value: //*[@id='su'] 
2018-09-15 17:50:52,681 - BasePage - INFO - The element '  ' was clicked.
2018-09-15 17:50:55,056 - BasePage - INFO - Had take screenshot and save to folder : /screenshots
2018-09-15 17:50:55,062 - BasePage - INFO - Current page title is selenium_百度搜索
2018-09-15 17:50:58,125 - BrowserEngine - INFO - You had select Chrome browser.
2018-09-15 17:50:58,127 - BrowserEngine - INFO - The test server url is: https://www.baidu.com
2018-09-15 17:51:07,641 - BrowserEngine - INFO - Starting Chrome browser.
2018-09-15 17:51:14,292 - BrowserEngine - INFO - Open url: https://www.baidu.com
2018-09-15 17:51:15,493 - BrowserEngine - INFO - Maximize the current window.
2018-09-15 17:51:15,494 - BrowserEngine - INFO - Set implicitly wait 10 seconds.
2018-09-15 17:51:15,545 - BasePage - INFO - Had find the element '  ' successful by id via value: kw 
2018-09-15 17:51:15,750 - BasePage - INFO - Had type ' python ' in inputBox
2018-09-15 17:51:15,799 - BasePage - INFO - Had find the element '  ' successful by xpath via value: //*[@id='su'] 
2018-09-15 17:51:15,980 - BasePage - INFO - The element '  ' was clicked.
2018-09-15 17:51:18,456 - BasePage - INFO - Had take screenshot and save to folder : /screenshots
