2018-09-17 14:07:29,839 - BrowserEngine - INFO - You had select Chrome browser.
2018-09-17 14:07:29,839 - BrowserEngine - INFO - The test server url is: https://www.baidu.com
2018-09-17 14:07:48,187 - BrowserEngine - INFO - Starting Chrome browser.
2018-09-17 14:07:54,999 - BrowserEngine - INFO - Open url: https://www.baidu.com
2018-09-17 14:07:56,596 - BrowserEngine - INFO - Maximize the current window.
2018-09-17 14:07:56,677 - BrowserEngine - INFO - Set implicitly wait 10 seconds.
2018-09-17 14:07:57,759 - BasePage - INFO - Had find the element '  ' successful by id via value: kw 
2018-09-17 14:07:59,880 - BasePage - INFO - Had type ' selenium ' in inputBox
2018-09-17 14:08:01,289 - BasePage - INFO - Had find the element '  ' successful by xpath via value: //*[@id='su'] 
2018-09-17 14:08:01,686 - BasePage - INFO - The element '  ' was clicked.
2018-09-17 14:08:06,765 - BasePage - INFO - Had take screenshot and save to folder : /screenshots
2018-09-17 14:08:06,773 - BasePage - INFO - Current page title is selenium_百度搜索
2018-09-17 14:08:06,801 - BasePage - INFO - Had find the element '  ' successful by id via value: kw 
2018-09-17 14:08:06,941 - BasePage - INFO - Had type ' python ' in inputBox
2018-09-17 14:08:06,973 - BasePage - INFO - Had find the element '  ' successful by xpath via value: //*[@id='su'] 
2018-09-17 14:08:07,084 - BasePage - INFO - The element '  ' was clicked.
2018-09-17 14:08:09,483 - BasePage - INFO - Had take screenshot and save to folder : /screenshots
2018-09-17 14:08:18,801 - BrowserEngine - INFO - You had select Chrome browser.
2018-09-17 14:08:18,801 - BrowserEngine - INFO - The test server url is: https://www.baidu.com
2018-09-17 14:08:41,788 - BrowserEngine - INFO - Starting Chrome browser.
2018-09-17 14:08:49,223 - BrowserEngine - INFO - Open url: https://www.baidu.com
2018-09-17 14:08:50,358 - BrowserEngine - INFO - Maximize the current window.
2018-09-17 14:08:50,359 - BrowserEngine - INFO - Set implicitly wait 10 seconds.
2018-09-17 14:08:50,367 - BasePage - INFO - Current page title is www.baidu.com
2018-09-17 14:08:53,489 - BrowserEngine - INFO - You had select Chrome browser.
2018-09-17 14:08:53,489 - BrowserEngine - INFO - The test server url is: https://www.baidu.com
2018-09-17 14:09:04,012 - BrowserEngine - INFO - Starting Chrome browser.
2018-09-17 14:09:08,496 - BrowserEngine - INFO - Open url: https://www.baidu.com
2018-09-17 14:09:09,644 - BrowserEngine - INFO - Maximize the current window.
2018-09-17 14:09:09,645 - BrowserEngine - INFO - Set implicitly wait 10 seconds.
2018-09-17 14:09:09,653 - BasePage - INFO - Current page title is www.baidu.com
2018-09-17 14:09:12,823 - BrowserEngine - INFO - You had select Chrome browser.
2018-09-17 14:09:12,823 - BrowserEngine - INFO - The test server url is: https://www.baidu.com
2018-09-17 14:09:22,186 - BrowserEngine - INFO - Starting Chrome browser.
2018-09-17 14:09:28,917 - BrowserEngine - INFO - Open url: https://www.baidu.com
2018-09-17 14:09:30,069 - BrowserEngine - INFO - Maximize the current window.
2018-09-17 14:09:30,072 - BrowserEngine - INFO - Set implicitly wait 10 seconds.
2018-09-17 14:09:40,105 - BasePage - ERROR - NoSuchElementException: Message: no such element: Unable to locate element: {"method":"xpath","selector":"//*[@id='u1']/a[@name='tj_trnews']"}
  (Session info: chrome=68.0.3440.75)
  (Driver info: chromedriver=2.39.562718 (9a2698cba08cf5a471a29d30c8b3e12becabb0e9),platform=Windows NT 6.1.7601 SP1 x86_64)

2018-09-17 14:09:40,706 - BasePage - INFO - Had take screenshot and save to folder : /screenshots
