2018-09-15 17:52:46,948 - BrowserEngine - INFO - You had select Chrome browser.
2018-09-15 17:52:46,948 - BrowserEngine - INFO - The test server url is: https://www.baidu.com
2018-09-15 17:52:53,003 - BrowserEngine - INFO - Starting Chrome browser.
2018-09-15 17:52:59,921 - BrowserEngine - INFO - Open url: https://www.baidu.com
2018-09-15 17:53:01,085 - BrowserEngine - INFO - Maximize the current window.
2018-09-15 17:53:01,086 - BrowserEngine - INFO - Set implicitly wait 10 seconds.
2018-09-15 17:53:01,140 - BasePage - INFO - Had find the element '  ' successful by id via value: kw 
2018-09-15 17:53:01,381 - BasePage - INFO - Had type ' selenium ' in inputBox
2018-09-15 17:53:01,529 - BasePage - INFO - Had find the element '  ' successful by xpath via value: //*[@id='su'] 
2018-09-15 17:53:01,661 - BasePage - INFO - The element '  ' was clicked.
2018-09-15 17:53:04,088 - BasePage - INFO - Had take screenshot and save to folder : /screenshots
2018-09-15 17:53:04,095 - BasePage - INFO - Current page title is selenium_百度搜索
2018-09-15 17:53:07,148 - BrowserEngine - INFO - You had select Chrome browser.
2018-09-15 17:53:07,150 - BrowserEngine - INFO - The test server url is: https://www.baidu.com
2018-09-15 17:53:14,714 - BrowserEngine - INFO - Starting Chrome browser.
2018-09-15 17:53:20,753 - BrowserEngine - INFO - Open url: https://www.baidu.com
2018-09-15 17:53:21,901 - BrowserEngine - INFO - Maximize the current window.
2018-09-15 17:53:21,903 - BrowserEngine - INFO - Set implicitly wait 10 seconds.
2018-09-15 17:53:21,954 - BasePage - INFO - Had find the element '  ' successful by id via value: kw 
2018-09-15 17:53:22,148 - BasePage - INFO - Had type ' python ' in inputBox
2018-09-15 17:53:22,201 - BasePage - INFO - Had find the element '  ' successful by xpath via value: //*[@id='su'] 
2018-09-15 17:53:22,394 - BasePage - INFO - The element '  ' was clicked.
2018-09-15 17:53:24,812 - BasePage - INFO - Had take screenshot and save to folder : /screenshots
