2018-09-17 13:52:58,851 - BrowserEngine - INFO - You had select Chrome browser.
2018-09-17 13:52:58,852 - BrowserEngine - INFO - The test server url is: https://www.baidu.com
2018-09-17 13:53:08,276 - BrowserEngine - INFO - Starting Chrome browser.
2018-09-17 13:53:15,496 - BrowserEngine - INFO - Open url: https://www.baidu.com
2018-09-17 13:53:16,644 - BrowserEngine - INFO - Maximize the current window.
2018-09-17 13:53:16,645 - BrowserEngine - INFO - Set implicitly wait 10 seconds.
2018-09-17 13:53:16,696 - BasePage - INFO - Had find the element '  ' successful by id via value: kw 
2018-09-17 13:53:16,921 - BasePage - INFO - Had type ' selenium ' in inputBox
2018-09-17 13:53:16,970 - BasePage - INFO - Had find the element '  ' successful by xpath via value: //*[@id='su'] 
2018-09-17 13:53:17,153 - BasePage - INFO - The element '  ' was clicked.
2018-09-17 13:53:19,526 - BasePage - INFO - Had take screenshot and save to folder : /screenshots
2018-09-17 13:53:19,532 - BasePage - INFO - Current page title is selenium_百度搜索
2018-09-17 13:53:19,559 - BasePage - INFO - Had find the element '  ' successful by id via value: kw 
2018-09-17 13:53:19,694 - BasePage - INFO - Had type ' python ' in inputBox
2018-09-17 13:53:19,729 - BasePage - INFO - Had find the element '  ' successful by xpath via value: //*[@id='su'] 
2018-09-17 13:53:19,855 - BasePage - INFO - The element '  ' was clicked.
2018-09-17 13:53:22,250 - BasePage - INFO - Had take screenshot and save to folder : /screenshots
2018-09-17 13:53:22,272 - BasePage - INFO - Had find the element '  ' successful by id via value: kw 
2018-09-17 13:53:22,391 - BasePage - INFO - Had type ' selenium ' in inputBox
2018-09-17 13:53:22,415 - BasePage - INFO - Had find the element '  ' successful by xpath via value: //*[@id='su'] 
2018-09-17 13:53:22,520 - BasePage - INFO - The element '  ' was clicked.
2018-09-17 13:53:25,052 - BasePage - INFO - Had take screenshot and save to folder : /screenshots
2018-09-17 13:53:25,065 - BasePage - INFO - Current page title is selenium_百度搜索
2018-09-17 13:53:25,107 - BasePage - INFO - Had find the element '  ' successful by id via value: kw 
2018-09-17 13:53:25,216 - BasePage - INFO - Had type ' python ' in inputBox
2018-09-17 13:53:25,242 - BasePage - INFO - Had find the element '  ' successful by xpath via value: //*[@id='su'] 
2018-09-17 13:53:25,357 - BasePage - INFO - The element '  ' was clicked.
2018-09-17 13:53:27,723 - BasePage - INFO - Had take screenshot and save to folder : /screenshots
2018-09-17 13:53:30,928 - BrowserEngine - INFO - You had select Chrome browser.
2018-09-17 13:53:30,930 - BrowserEngine - INFO - The test server url is: https://www.baidu.com
2018-09-17 13:53:40,519 - BrowserEngine - INFO - Starting Chrome browser.
2018-09-17 13:53:49,303 - BrowserEngine - INFO - Open url: https://www.baidu.com
2018-09-17 13:53:50,461 - BrowserEngine - INFO - Maximize the current window.
2018-09-17 13:53:50,464 - BrowserEngine - INFO - Set implicitly wait 10 seconds.
2018-09-17 13:53:50,476 - BasePage - INFO - Current page title is 百度一下，你就知道
2018-09-17 13:53:53,538 - BrowserEngine - INFO - You had select Chrome browser.
2018-09-17 13:53:53,538 - BrowserEngine - INFO - The test server url is: https://www.baidu.com
2018-09-17 13:54:01,663 - BrowserEngine - INFO - Starting Chrome browser.
2018-09-17 13:54:10,094 - BrowserEngine - INFO - Open url: https://www.baidu.com
2018-09-17 13:54:11,262 - BrowserEngine - INFO - Maximize the current window.
2018-09-17 13:54:11,263 - BrowserEngine - INFO - Set implicitly wait 10 seconds.
2018-09-17 13:54:11,275 - BasePage - INFO - Current page title is 百度一下，你就知道
2018-09-17 13:54:14,332 - BrowserEngine - INFO - You had select Chrome browser.
2018-09-17 13:54:14,332 - BrowserEngine - INFO - The test server url is: https://www.baidu.com
2018-09-17 13:54:22,401 - BrowserEngine - INFO - Starting Chrome browser.
2018-09-17 13:54:34,102 - BrowserEngine - INFO - Open url: https://www.baidu.com
2018-09-17 13:54:35,265 - BrowserEngine - INFO - Maximize the current window.
2018-09-17 13:54:35,266 - BrowserEngine - INFO - Set implicitly wait 10 seconds.
2018-09-17 13:54:35,319 - BasePage - INFO - Had find the element ' 新闻 ' successful by xpath via value: //*[@id='u1']/a[@name='tj_trnews'] 
